<?xml version="1.0" encoding="utf-8"?><testsuites name="pytest tests"><testsuite name="pytest" errors="0" failures="0" skipped="0" tests="23" time="8.347" timestamp="2026-05-18T04:13:05.699914+00:00" hostname="agent-env-7ad2b5ec-ac80-410c-b723-e383870ba4ed"><testcase classname="backend.tests.test_sistem_cuti.TestAuth" name="test_admin_login" time="0.399" /><testcase classname="backend.tests.test_sistem_cuti.TestAuth" name="test_kepala_login" time="0.328" /><testcase classname="backend.tests.test_sistem_cuti.TestAuth" name="test_pegawai_login" time="0.334" /><testcase classname="backend.tests.test_sistem_cuti.TestAuth" name="test_invalid_login" time="0.100" /><testcase classname="backend.tests.test_sistem_cuti.TestAuth" name="test_me" time="0.422" /><testcase classname="backend.tests.test_sistem_cuti.TestAuth" name="test_me_no_token" time="0.109" /><testcase classname="backend.tests.test_sistem_cuti.TestUsers" name="test_list_users_admin" time="0.449" /><testcase classname="backend.tests.test_sistem_cuti.TestUsers" name="test_list_users_forbidden_for_pegawai" time="0.767" /><testcase classname="backend.tests.test_sistem_cuti.TestUsers" name="test_create_update_delete_user" time="0.975" /><testcase classname="backend.tests.test_sistem_cuti.TestUsers" name="test_cannot_delete_self" time="0.549" /><testcase classname="backend.tests.test_sistem_cuti.TestUsers" name="test_duplicate_email_rejected" time="0.434" /><testcase classname="backend.tests.test_sistem_cuti.TestLeaveFlow" name="test_create_leave_request_and_balance_check" time="1.823" /><testcase classname="backend.tests.test_sistem_cuti.TestLeaveFlow" name="test_balance_insufficient_rejected" time="0.114" /><testcase classname="backend.tests.test_sistem_cuti.TestLeaveFlow" name="test_invalid_date_range" time="0.104" /><testcase classname="backend.tests.test_sistem_cuti.TestLeaveFlow" name="test_scope_mine" time="0.111" /><testcase classname="backend.tests.test_sistem_cuti.TestLeaveFlow" name="test_scope_pending_kepala" time="0.110" /><testcase classname="backend.tests.test_sistem_cuti.TestLeaveFlow" name="test_scope_pending_forbidden_pegawai" time="0.115" /><testcase classname="backend.tests.test_sistem_cuti.TestLeaveFlow" name="test_decide_approves_and_deducts_balance" time="0.311" /><testcase classname="backend.tests.test_sistem_cuti.TestLeaveFlow" name="test_decide_reject_already_decided" time="0.104" /><testcase classname="backend.tests.test_sistem_cuti.TestLeaveFlow" name="test_decide_forbidden_pegawai" time="0.115" /><testcase classname="backend.tests.test_sistem_cuti.TestLeaveFlow" name="test_pdf_export" time="0.173" /><testcase classname="backend.tests.test_sistem_cuti.TestLeaveFlow" name="test_public_verify_valid" time="0.107" /><testcase classname="backend.tests.test_sistem_cuti.TestLeaveFlow" name="test_public_verify_invalid" time="0.221" /></testsuite></testsuites>